{"body":{"Fish and Chips":1,"Hamburger":2},"level":"error","message":"No todo found with that id","method":"DELETE","parameters":{"id":"1"},"path":"/todos/1","service":"Todo-service","timestamp":"2023/3/2 19:49:33"}
{"body":{"Fish and Chips":1,"Hamburger":2},"level":"error","message":"No todo found with that id","method":"DELETE","parameters":{"id":"3"},"path":"/todos/3","service":"Todo-service","timestamp":"2023/3/2 20:07:36"}
{"body":{},"level":"error","message":"Todo needs to be a string","method":"POST","parameters":{},"path":"/todos","service":"Todo-service","timestamp":"2023/3/4 10:41:39"}
{"body":{},"level":"error","message":"Todo needs to be a string","method":"POST","parameters":{},"path":"/todos","service":"Todo-service","timestamp":"2023/3/4 10:41:39"}
{"body":{},"level":"error","message":"Todo needs to be a string","method":"POST","parameters":{},"path":"/todos","service":"Todo-service","timestamp":"2023/3/4 10:41:39"}
{"body":{},"level":"error","message":"Todo needs to be a string","method":"POST","parameters":{},"path":"/todos","service":"Todo-service","timestamp":"2023/3/4 10:41:39"}
{"body":{},"level":"error","message":"Todo needs to be a string","method":"POST","parameters":{},"path":"/todos","service":"Todo-service","timestamp":"2023/3/4 10:41:39"}
{"body":{},"level":"error","message":"Todo needs to be a string","method":"POST","parameters":{},"path":"/todos","service":"Todo-service","timestamp":"2023/3/4 10:41:39"}
{"body":{},"level":"error","message":"Todo needs to be a string","method":"POST","parameters":{},"path":"/todos","service":"Todo-service","timestamp":"2023/3/4 10:41:39"}
{"body":{},"level":"error","message":"Todo needs to be a string","method":"POST","parameters":{},"path":"/todos","service":"Todo-service","timestamp":"2023/3/4 10:41:39"}
{"body":{},"level":"error","message":"Todo needs to be a string","method":"POST","parameters":{},"path":"/todos","service":"Todo-service","timestamp":"2023/3/4 10:41:39"}
{"body":{},"level":"error","message":"Todo needs to be a string","method":"POST","parameters":{},"path":"/todos","service":"Todo-service","timestamp":"2023/3/4 10:41:39"}
{"body":{},"level":"error","message":"Todo needs to be a string","method":"POST","parameters":{},"path":"/todos","service":"Todo-service","timestamp":"2023/3/4 10:47:24"}
{"body":{},"level":"error","message":"Todo needs to be a string","method":"POST","parameters":{},"path":"/todos","service":"Todo-service","timestamp":"2023/3/4 10:47:24"}
{"body":{},"level":"error","message":"Todo needs to be a string","method":"POST","parameters":{},"path":"/todos","service":"Todo-service","timestamp":"2023/3/4 10:49:28"}
{"body":{},"level":"error","message":"Todo needs to be a string","method":"POST","parameters":{},"path":"/todos","service":"Todo-service","timestamp":"2023/3/4 10:49:28"}
{"body":{},"level":"error","message":"Todo needs to be a string","method":"POST","parameters":{},"path":"/todos","service":"Todo-service","timestamp":"2023/3/4 10:49:28"}
{"body":{},"level":"error","message":"Todo needs to be a string","method":"POST","parameters":{},"path":"/todos","service":"Todo-service","timestamp":"2023/3/4 10:49:28"}
{"body":{},"level":"error","message":"Todo needs to be a string","method":"POST","parameters":{},"path":"/todos","service":"Todo-service","timestamp":"2023/3/4 10:49:28"}
{"body":{},"level":"error","message":"Todo needs to be a string","method":"POST","parameters":{},"path":"/todos","service":"Todo-service","timestamp":"2023/3/4 10:49:28"}
{"body":{},"level":"error","message":"Todo needs to be a string","method":"POST","parameters":{},"path":"/todos","service":"Todo-service","timestamp":"2023/3/4 10:51:13"}
{"body":{},"level":"error","message":"Todo needs to be a string","method":"POST","parameters":{},"path":"/todos","service":"Todo-service","timestamp":"2023/3/4 10:51:13"}
{"body":{},"level":"error","message":"Todo needs to be a string","method":"POST","parameters":{},"path":"/todos","service":"Todo-service","timestamp":"2023/3/4 10:51:13"}
{"body":{},"level":"error","message":"Todo needs to be a string","method":"POST","parameters":{},"path":"/todos","service":"Todo-service","timestamp":"2023/3/4 10:51:13"}
{"body":{},"level":"error","message":"Todo needs to be a string","method":"POST","parameters":{},"path":"/todos","service":"Todo-service","timestamp":"2023/3/4 10:51:13"}
{"body":{},"level":"error","message":"Todo needs to be a string","method":"POST","parameters":{},"path":"/todos","service":"Todo-service","timestamp":"2023/3/4 10:51:13"}
{"body":{},"level":"error","message":"Todo needs to be a string","method":"POST","parameters":{},"path":"/todos","service":"Todo-service","timestamp":"2023/3/4 10:51:13"}
{"body":{},"level":"error","message":"Todo needs to be a string","method":"POST","parameters":{},"path":"/todos","service":"Todo-service","timestamp":"2023/3/4 10:51:13"}
{"body":{},"level":"error","message":"Todo needs to be a string","method":"POST","parameters":{},"path":"/todos","service":"Todo-service","timestamp":"2023/3/4 10:51:13"}
{"body":{},"level":"error","message":"Todo needs to be a string","method":"POST","parameters":{},"path":"/todos","service":"Todo-service","timestamp":"2023/3/4 10:51:13"}
{"body":{},"level":"error","message":"Todo needs to be a string","method":"POST","parameters":{},"path":"/todos","service":"Todo-service","timestamp":"2023/3/4 10:51:13"}
{"body":{},"level":"error","message":"Todo needs to be a string","method":"POST","parameters":{},"path":"/todos","service":"Todo-service","timestamp":"2023/3/4 10:51:13"}
{"body":{},"level":"error","message":"Todo needs to be a string","method":"POST","parameters":{},"path":"/todos","service":"Todo-service","timestamp":"2023/3/4 11:09:24"}
{"body":{"todos":"asdad"},"level":"error","message":"Todo needs to be a string","method":"POST","parameters":{},"path":"/todos","service":"Todo-service","timestamp":"2023/3/4 11:10:35"}
{"body":{"todos":"asdad"},"level":"error","message":"Todo needs to be a string","method":"POST","parameters":{},"path":"/todos","service":"Todo-service","timestamp":"2023/3/4 11:10:59"}
{"body":{"todos":"asdad"},"level":"error","message":"Todo needs to be a string","method":"POST","parameters":{},"path":"/todos","service":"Todo-service","timestamp":"2023/3/4 11:11:05"}
{"body":{"todos":"asdad"},"level":"error","message":"Todo needs to be a string","method":"POST","parameters":{},"path":"/todos","service":"Todo-service","timestamp":"2023/3/4 11:11:26"}
{"body":{"Fish and Chips":1,"Hamburger":2},"level":"error","message":"No todo found with that id","method":"DELETE","parameters":{"id":"118"},"path":"/todos/118","service":"Todo-service","timestamp":"2023/3/4 11:32:17"}
{"body":{},"level":"error","message":"No todo found with that id","method":"DELETE","parameters":{"id":"e.target.parentElement.id"},"path":"/todos/e.target.parentElement.id","service":"Todo-service","timestamp":"2023/3/4 11:37:05"}
{"body":{},"level":"error","message":"No todo found with that id","method":"DELETE","parameters":{"id":"e.target.parentElement.id"},"path":"/todos/e.target.parentElement.id","service":"Todo-service","timestamp":"2023/3/4 11:37:05"}
{"body":{},"level":"error","message":"No todo found with that id","method":"DELETE","parameters":{"id":"e.target.parentElement.id"},"path":"/todos/e.target.parentElement.id","service":"Todo-service","timestamp":"2023/3/4 11:37:05"}
{"body":{},"level":"error","message":"No todo found with that id","method":"DELETE","parameters":{"id":"e.target.parentElement.id"},"path":"/todos/e.target.parentElement.id","service":"Todo-service","timestamp":"2023/3/4 11:37:05"}
{"body":{},"level":"error","message":"No todo found with that id","method":"DELETE","parameters":{"id":"e.target.parentElement.id"},"path":"/todos/e.target.parentElement.id","service":"Todo-service","timestamp":"2023/3/4 11:37:05"}
{"body":{},"level":"error","message":"No change detected in the todo","method":"PUT","parameters":{},"path":"/todos","service":"Todo-service","timestamp":"2023/3/4 12:27:38"}
{"body":{"todo":"aaa","update":"aaa"},"level":"error","message":"No change detected in the todo","method":"PUT","parameters":{},"path":"/todos","service":"Todo-service","timestamp":"2023/3/7 17:01:20"}
{"body":{},"level":"error","message":"No todo found with that id","method":"DELETE","parameters":{"id":"1"},"path":"/todos/1","service":"Todo-service","timestamp":"2023/3/9 18:23:57"}
{"body":{},"level":"error","message":"No todo found with that id","method":"DELETE","parameters":{"id":"1"},"path":"/todos/1","service":"Todo-service","timestamp":"2023/3/9 18:24:12"}
{"body":{},"level":"error","message":"No todo found with that id","method":"DELETE","parameters":{"id":"2"},"path":"/todos/2","service":"Todo-service","timestamp":"2023/3/9 18:24:12"}
{"body":{},"level":"error","message":"No todo found with that id","method":"DELETE","parameters":{"id":"3"},"path":"/todos/3","service":"Todo-service","timestamp":"2023/3/9 18:24:12"}
{"body":{},"level":"error","message":"No todo found with that id","method":"DELETE","parameters":{"id":"1"},"path":"/todos/1","service":"Todo-service","timestamp":"2023/3/9 18:24:20"}
{"body":{},"level":"error","message":"No todo found with that id","method":"DELETE","parameters":{"id":"2"},"path":"/todos/2","service":"Todo-service","timestamp":"2023/3/9 18:24:20"}
{"body":{},"level":"error","message":"No todo found with that id","method":"DELETE","parameters":{"id":"1"},"path":"/todos/1","service":"Todo-service","timestamp":"2023/3/9 18:25:38"}
{"body":{},"level":"error","message":"No todo found with that id","method":"DELETE","parameters":{"id":"4"},"path":"/todos/4","service":"Todo-service","timestamp":"2023/3/9 18:25:38"}
{"body":{},"level":"error","message":"No todo found with that id","method":"DELETE","parameters":{"id":"1"},"path":"/todos/1","service":"Todo-service","timestamp":"2023/3/9 18:32:33"}
{"body":{},"level":"error","message":"No todo found with that id","method":"DELETE","parameters":{"id":"1"},"path":"/todos/1","service":"Todo-service","timestamp":"2023/3/9 18:33:12"}
{"body":{},"level":"error","message":"No todo found with that id","method":"DELETE","parameters":{"id":"2"},"path":"/todos/2","service":"Todo-service","timestamp":"2023/3/9 18:33:12"}
{"body":{},"level":"error","message":"No todo found with that id","method":"DELETE","parameters":{"id":"1"},"path":"/todos/1","service":"Todo-service","timestamp":"2023/3/9 18:33:48"}
{"body":{},"level":"error","message":"No todo found with that id","method":"DELETE","parameters":{"id":"2"},"path":"/todos/2","service":"Todo-service","timestamp":"2023/3/9 18:33:48"}
